Running: /opt/Xilinx/14.7/ISE_DS/ISE/bin/lin64/unwrapped/fuse -intstyle ise -incremental -lib unisims_ver -lib unimacro_ver -lib xilinxcorelib_ver -lib secureip -o /home/ise/Projects/HardWareProject/Hardware1_9733_9775/decoder_tb_isim_beh.exe -prj /home/ise/Projects/HardWareProject/Hardware1_9733_9775/decoder_tb_beh.prj work.decoder_tb work.glbl 
ISim P.20131013 (signature 0xfbc00daa)
Number of CPUs detected in this system: 1
Turning on mult-threading, number of parallel sub-compilation jobs: 0 
Determining compilation order of HDL files
Analyzing Verilog file "/home/ise/Projects/HardWareProject/Hardware1_9733_9775/decoder.v" into library work
Analyzing Verilog file "/home/ise/Projects/HardWareProject/Hardware1_9733_9775/decoder_tb.v" into library work
Analyzing Verilog file "/opt/Xilinx/14.7/ISE_DS/ISE//verilog/src/glbl.v" into library work
Starting static elaboration
Completed static elaboration
Fuse Memory Usage: 94948 KB
Fuse CPU Usage: 960 ms
Compiling module decoder
Compiling module decoder_tb
Compiling module glbl
Time Resolution for simulation is 1ps.
Compiled 3 Verilog Units
Built simulation executable /home/ise/Projects/HardWareProject/Hardware1_9733_9775/decoder_tb_isim_beh.exe
Fuse Memory Usage: 98044 KB
Fuse CPU Usage: 980 ms
GCC CPU Usage: 240 ms
